INFO: Successfully retrieved: sheet: 1xQ1csPvn9BhFmsTzxjSTN1nYBMGmzFOtT4ESJXlo3eE 
INFO: Successfully retrieved: handsFreeMode: true 
INFO: Successfully retrieved: updateNotifier: false 
INFO: Successfully retrieved: grizzlyVerification: false 
INFO: Successfully retrieved: applicationName: School_of_Music 
INFO: Successfully retrieved: idLength: 9 
INFO: Successfully retrieved: idLengthFallback: 10 
SEVERE: java.lang.NoClassDefFoundError: javafx/scene/Scene$DnDGesture
	at javafx.scene.Scene$MouseHandler.process(Scene.java:3787)
	at javafx.scene.Scene$MouseHandler.access$1200(Scene.java:3579)
	at javafx.scene.Scene.processMouseEvent(Scene.java:1849)
	at javafx.scene.Scene$ScenePeerListener.mouseEvent(Scene.java:2588)
	at com.sun.javafx.tk.quantum.GlassViewEventHandler$MouseEventNotification.run(GlassViewEventHandler.java:397)
	at com.sun.javafx.tk.quantum.GlassViewEventHandler$MouseEventNotification.run(GlassViewEventHandler.java:295)
	at java.base/java.security.AccessController.doPrivileged(Native Method)
	at com.sun.javafx.tk.quantum.GlassViewEventHandler.lambda$handleMouseEvent$2(GlassViewEventHandler.java:434)
	at com.sun.javafx.tk.quantum.QuantumToolkit.runWithoutRenderLock(QuantumToolkit.java:390)
	at com.sun.javafx.tk.quantum.GlassViewEventHandler.handleMouseEvent(GlassViewEventHandler.java:433)
	at com.sun.glass.ui.View.handleMouseEvent(View.java:556)
	at com.sun.glass.ui.View.notifyMouse(View.java:942)
	at com.sun.glass.ui.mac.MacView.notifyMouse(MacView.java:127)
Caused by: java.lang.ClassNotFoundException: javafx.scene.Scene$DnDGesture
	at java.base/jdk.internal.loader.BuiltinClassLoader.loadClass(BuiltinClassLoader.java:581)
	at java.base/jdk.internal.loader.ClassLoaders$AppClassLoader.loadClass(ClassLoaders.java:178)
	at java.base/java.lang.ClassLoader.loadClass(ClassLoader.java:522)
	... 13 more
 
