INFO: Successfully retrieved: sheet: 1xQ1csPvn9BhFmsTzxjSTN1nYBMGmzFOtT4ESJXlo3eE 
INFO: Successfully retrieved: handsFreeMode: true 
INFO: Successfully retrieved: updateNotifier: false 
INFO: Successfully retrieved: grizzlyVerification: false 
INFO: Successfully retrieved: applicationName: School_of_Music 
INFO: Successfully retrieved: idLength: 9 
INFO: Successfully retrieved: idLengthFallback: 10 
SEVERE: java.lang.NoClassDefFoundError: javafx/scene/layout/BorderPane
	at scenes.SceneManager.loadMain(SceneManager.java:83)
	at scenes.SceneManager.updateScene(SceneManager.java:58)
	at GrizzlyTime$2.handle(GrizzlyTime.java:114)
	at GrizzlyTime$2.handle(GrizzlyTime.java:108)
	at com.sun.javafx.event.CompositeEventHandler.dispatchBubblingEvent(CompositeEventHandler.java:86)
	at com.sun.javafx.event.EventHandlerManager.dispatchBubblingEvent(EventHandlerManager.java:238)
	at com.sun.javafx.event.EventHandlerManager.dispatchBubblingEvent(EventHandlerManager.java:191)
	at com.sun.javafx.event.BasicEventDispatcher.dispatchEvent(BasicEventDispatcher.java:58)
	at com.sun.javafx.event.EventDispatchChainImpl.dispatchEvent(EventDispatchChainImpl.java:114)
	at com.sun.javafx.event.EventUtil.fireEventImpl(EventUtil.java:74)
	at com.sun.javafx.event.EventUtil.fireEvent(EventUtil.java:54)
	at javafx.event.Event.fireEvent(Event.java:198)
	at javafx.concurrent.EventHelper.fireEvent(EventHelper.java:219)
	at javafx.concurrent.Task.fireEvent(Task.java:1358)
	at javafx.concurrent.Task.setState(Task.java:725)
	at javafx.concurrent.Task$TaskCallable.lambda$call$1(Task.java:1436)
	at com.sun.javafx.application.PlatformImpl.lambda$runLater$10(PlatformImpl.java:428)
	at java.base/java.security.AccessController.doPrivileged(Native Method)
	at com.sun.javafx.application.PlatformImpl.lambda$runLater$11(PlatformImpl.java:427)
	at com.sun.glass.ui.InvokeLaterDispatcher$Future.run(InvokeLaterDispatcher.java:96)
Caused by: java.lang.ClassNotFoundException: javafx.scene.layout.BorderPane
	at java.base/jdk.internal.loader.BuiltinClassLoader.loadClass(BuiltinClassLoader.java:581)
	at java.base/jdk.internal.loader.ClassLoaders$AppClassLoader.loadClass(ClassLoaders.java:178)
	at java.base/java.lang.ClassLoader.loadClass(ClassLoader.java:522)
	... 20 more
 
