INFO: Successfully retrieved: sheet: 1xQ1csPvn9BhFmsTzxjSTN1nYBMGmzFOtT4ESJXlo3eE 
INFO: Successfully retrieved: handsFreeMode: true 
INFO: Successfully retrieved: updateNotifier: false 
INFO: Successfully retrieved: grizzlyVerification: false 
INFO: Successfully retrieved: applicationName: School_of_Music 
INFO: Successfully retrieved: idLength: 9 
INFO: Successfully retrieved: idLengthFallback: 10 
INFO: DIGIT1 pressed 
INFO: DIGIT2 pressed 
INFO: DIGIT3 pressed 
INFO: DIGIT1 pressed 
INFO: DIGIT2 pressed 
INFO: DIGIT3 pressed 
INFO: DIGIT1 pressed 
INFO: DIGIT2 pressed 
INFO: DIGIT3 pressed 
INFO: DIGIT1 pressed 
INFO: DIGIT2 pressed 
INFO: DIGIT3 pressed 
INFO: DIGIT1 pressed 
INFO: DIGIT1 pressed 
INFO: DIGIT2 pressed 
INFO: DIGIT2 pressed 
INFO: DIGIT3 pressed 
INFO: DIGIT3 pressed 
INFO: DIGIT1 pressed 
INFO: DIGIT1 pressed 
INFO: DIGIT1 pressed 
INFO: DIGIT1 pressed 
INFO: DIGIT2 pressed 
INFO: DIGIT2 pressed 
INFO: DIGIT3 pressed 
INFO: DIGIT3 pressed 
INFO: ESCAPE pressed 
INFO: ESCAPE pressed 
INFO: esc pressed 
INFO: esc pressed 
INFO: ESCAPE pressed 
INFO: ESCAPE pressed 
INFO: esc pressed 
INFO: esc pressed 
INFO: ESCAPE pressed 
INFO: ESCAPE pressed 
INFO: esc pressed 
INFO: esc pressed 
INFO: ESCAPE pressed 
INFO: ESCAPE pressed 
INFO: esc pressed 
INFO: esc pressed 
